<?xml version="1.0" encoding="UTF-8"?>
<!-- Generated by org.testng.reporters.JUnitReportReporter -->
<testsuite hostname="DESKTOP-46UE00D" failures="0" tests="1" name="com.pratian.automation.testclass.TestSignIn" time="0.556" errors="0" timestamp="2021-06-20T12:04:32 IST" skipped="0">
  <testcase classname="com.pratian.automation.testclass.TestSignIn" name="checkLogin" time="0.556"/>
  <system-out/>
</testsuite> <!-- com.pratian.automation.testclass.TestSignIn -->
